[02:13:19] [ServerMain/INFO]: Building unoptimized datafixer
[02:13:22] [ServerMain/INFO]: Environment: authHost='https://authserver.mojang.com', accountsHost='https://api.mojang.com', sessionHost='https://sessionserver.mojang.com', servicesHost='https://api.minecraftservices.com', name='PROD'
[02:13:25] [ServerMain/INFO]: Loaded 7 recipes
[02:13:25] [ServerMain/INFO]: Loaded 1179 advancements
[02:13:26] [Server thread/INFO]: Starting minecraft server version 1.19.3
[02:13:26] [Server thread/INFO]: Loading properties
[02:13:26] [Server thread/INFO]: Default game type: SURVIVAL
[02:13:26] [Server thread/INFO]: Generating keypair
[02:13:26] [Server thread/INFO]: Starting Minecraft server on *:25565
[02:13:26] [Server thread/INFO]: Using epoll channel type
[02:13:26] [Server thread/INFO]: Preparing level "world"
[02:13:34] [Server thread/INFO]: Preparing start region for dimension minecraft:overworld
[02:13:39] [Worker-Main-1/INFO]: Preparing spawn area: 0%
[02:13:39] [Worker-Main-1/INFO]: Preparing spawn area: 0%
[02:13:39] [Worker-Main-1/INFO]: Preparing spawn area: 0%
[02:13:39] [Worker-Main-1/INFO]: Preparing spawn area: 0%
[02:13:39] [Worker-Main-1/INFO]: Preparing spawn area: 0%
[02:13:39] [Worker-Main-1/INFO]: Preparing spawn area: 0%
[02:13:39] [Worker-Main-1/INFO]: Preparing spawn area: 0%
[02:13:39] [Worker-Main-1/INFO]: Preparing spawn area: 0%
[02:13:39] [Worker-Main-1/INFO]: Preparing spawn area: 0%
[02:13:39] [Worker-Main-1/INFO]: Preparing spawn area: 0%
[02:13:39] [Worker-Main-1/INFO]: Preparing spawn area: 0%
[02:13:39] [Worker-Main-1/INFO]: Preparing spawn area: 0%
[02:13:40] [Worker-Main-1/INFO]: Preparing spawn area: 0%
[02:13:40] [Worker-Main-1/INFO]: Preparing spawn area: 0%
[02:13:41] [Worker-Main-1/INFO]: Preparing spawn area: 4%
[02:13:42] [Worker-Main-1/INFO]: Preparing spawn area: 60%
[02:13:42] [Server thread/INFO]: Time elapsed: 8021 ms
[02:13:42] [Server thread/INFO]: Done (15.859s)! For help, type "help"
[02:18:25] [User Authenticator #1/INFO]: UUID of player Bravoke is 585b16c9-69cd-4baf-9ea7-d8a55c846b38
[02:18:25] [Server thread/INFO]: Bravoke[/47.218.105.190:64627] logged in with entity id 82 at (-1.5, 93.0, 3.5)
[02:18:26] [Server thread/INFO]: Bravoke joined the game
[02:20:34] [Server thread/INFO]: Made Bravoke a server operator
[02:20:45] [Server thread/INFO]: [Bravoke: Set own game mode to Creative Mode]
[02:23:12] [Server thread/INFO]: Stopping the server
[02:23:12] [Server thread/INFO]: Stopping server
[02:23:12] [Server thread/INFO]: Saving players
[02:23:12] [Server thread/INFO]: Saving worlds
[02:23:14] [Server thread/INFO]: Saving chunks for level 'ServerLevel[world]'/minecraft:overworld
[02:23:17] [Server thread/INFO]: Saving chunks for level 'ServerLevel[world]'/minecraft:the_nether
[02:23:17] [Server thread/INFO]: Saving chunks for level 'ServerLevel[world]'/minecraft:the_end
[02:23:17] [Server thread/INFO]: ThreadedAnvilChunkStorage (world): All chunks are saved
[02:23:17] [Server thread/INFO]: ThreadedAnvilChunkStorage (DIM-1): All chunks are saved
[02:23:17] [Server thread/INFO]: ThreadedAnvilChunkStorage (DIM1): All chunks are saved
[02:23:17] [Server thread/INFO]: ThreadedAnvilChunkStorage: All dimensions are saved
